<?xml version="1.0" encoding="UTF-8"?>
<testng-results skipped="0" failed="0" total="3" passed="3">
  <reporter-output>
  </reporter-output>
  <suite name="Default suite" duration-ms="7974" started-at="2016-09-21T22:14:49Z" finished-at="2016-09-21T22:14:57Z">
    <groups>
    </groups>
    <test name="Default test" duration-ms="7974" started-at="2016-09-21T22:14:49Z" finished-at="2016-09-21T22:14:57Z">
      <class name="TestQBMail">
        <test-method status="PASS" signature="Test3(java.lang.String, java.lang.String, java.lang.String, java.lang.String)[pri:0, instance:TestQBMail@6a8bda08]" name="Test3" duration-ms="3356" started-at="2016-09-21T15:14:49Z" data-provider="data-provider-sample1" finished-at="2016-09-21T15:14:52Z">
          <params>
            <param index="0">
              <value>
                <![CDATA[sohan.karun1@gmail.com]]>
              </value>
            </param>
            <param index="1">
              <value>
                <![CDATA[sohan.karun2@gmail.com]]>
              </value>
            </param>
            <param index="2">
              <value>
                <![CDATA[Hi1]]>
              </value>
            </param>
            <param index="3">
              <value>
                <![CDATA[Hello from Sohan.karun1]]>
              </value>
            </param>
          </params>
          <reporter-output>
          </reporter-output>
        </test-method> <!-- Test3 -->
        <test-method status="PASS" signature="Test3(java.lang.String, java.lang.String, java.lang.String, java.lang.String)[pri:0, instance:TestQBMail@6a8bda08]" name="Test3" duration-ms="2293" started-at="2016-09-21T15:14:52Z" data-provider="data-provider-sample1" finished-at="2016-09-21T15:14:54Z">
          <params>
            <param index="0">
              <value>
                <![CDATA[sohan.karun1@gmail.com]]>
              </value>
            </param>
            <param index="1">
              <value>
                <![CDATA[sohan.karun2@gmail.com]]>
              </value>
            </param>
            <param index="2">
              <value>
                <![CDATA[Hi2]]>
              </value>
            </param>
            <param index="3">
              <value>
                <![CDATA[Hello from Sohan.karun1]]>
              </value>
            </param>
          </params>
          <reporter-output>
          </reporter-output>
        </test-method> <!-- Test3 -->
        <test-method status="PASS" signature="Test3(java.lang.String, java.lang.String, java.lang.String, java.lang.String)[pri:0, instance:TestQBMail@6a8bda08]" name="Test3" duration-ms="2304" started-at="2016-09-21T15:14:54Z" data-provider="data-provider-sample1" finished-at="2016-09-21T15:14:57Z">
          <params>
            <param index="0">
              <value>
                <![CDATA[sohan.karun1@gmail.com]]>
              </value>
            </param>
            <param index="1">
              <value>
                <![CDATA[sohan.karun2@gmail.com]]>
              </value>
            </param>
            <param index="2">
              <value>
                <![CDATA[Hi3]]>
              </value>
            </param>
            <param index="3">
              <value>
                <![CDATA[Hello from Sohan.karun1]]>
              </value>
            </param>
          </params>
          <reporter-output>
          </reporter-output>
        </test-method> <!-- Test3 -->
      </class> <!-- TestQBMail -->
    </test> <!-- Default test -->
  </suite> <!-- Default suite -->
</testng-results>
