<?xml version="1.0" encoding="UTF-8"?>
<testng-results skipped="0" failed="0" total="1" passed="1">
  <reporter-output>
  </reporter-output>
  <suite name="Default suite" duration-ms="48" started-at="2016-09-20T23:26:58Z" finished-at="2016-09-20T23:26:58Z">
    <groups>
    </groups>
    <test name="Default test" duration-ms="48" started-at="2016-09-20T23:26:58Z" finished-at="2016-09-20T23:26:58Z">
      <class name="test">
        <test-method status="PASS" signature="HelloWorld()[pri:0, instance:test@4959742d]" name="HelloWorld" duration-ms="24" started-at="2016-09-20T16:26:58Z" finished-at="2016-09-20T16:26:58Z">
          <reporter-output>
          </reporter-output>
        </test-method> <!-- HelloWorld -->
      </class> <!-- test -->
    </test> <!-- Default test -->
  </suite> <!-- Default suite -->
</testng-results>
